2025-08-23 18:23:52 System.Windows.Markup.XamlParseException: Se produjo una excepci贸n al establecer la propiedad 'System.Windows.ResourceDictionary.Source'.
 ---> System.IO.IOException: No se encuentra el recurso 'themes/materialdesigntheme.defaults.xaml'.
   at MS.Internal.AppModel.ResourcePart.GetStreamCore(FileMode mode, FileAccess access)
   at System.IO.Packaging.PackagePart.GetStream(FileMode mode, FileAccess access)
   at MS.Internal.IO.Packaging.PackagePartExtensions.GetSeekableStream(PackagePart packPart, FileMode mode, FileAccess access)
   at System.IO.Packaging.PackWebResponse.CachedResponse.GetResponseStream()
   at System.IO.Packaging.PackWebResponse.get_ContentType()
   at MS.Internal.WpfWebRequestHelper.GetContentType(WebResponse response)
   at MS.Internal.WpfWebRequestHelper.GetResponseStream(WebRequest request, ContentType& contentType)
   at System.Windows.ResourceDictionary.set_Source(Uri value)
   at MS.Internal.Xaml.Runtime.ClrObjectRuntime.SetValue(Object inst, XamlMember property, Object value)
   --- End of inner exception stack trace ---
   at System.Windows.Markup.XamlReader.RewrapException(Exception e, IXamlLineInfo lineInfo, Uri baseUri)
   at System.Windows.Markup.WpfXamlLoader.Load(XamlReader xamlReader, IXamlObjectWriterFactory writerFactory, Boolean skipJournaledProperties, Object rootObject, XamlObjectWriterSettings settings, Uri baseUri)
   at System.Windows.Markup.WpfXamlLoader.LoadBaml(XamlReader xamlReader, Boolean skipJournaledProperties, Object rootObject, XamlAccessLevel accessLevel, Uri baseUri)
   at System.Windows.Markup.XamlReader.LoadBaml(Stream stream, ParserContext parserContext, Object parent, Boolean closeStream)
   at System.Windows.Application.LoadComponent(Object component, Uri resourceLocator)
   at LotteryApp.App.InitializeComponent() in C:\Users\benja\OneDrive\Desktop\trabajo\LotteryApp\LotteryApp\App.xaml:line 1
   at LotteryApp.App.Main()
2025-08-23 18:25:38 System.Windows.Markup.XamlParseException: Se produjo una excepci贸n al establecer la propiedad 'System.Windows.ResourceDictionary.Source'.
 ---> System.IO.IOException: No se encuentra el recurso 'themes/materialdesigntheme.defaults.xaml'.
   at MS.Internal.AppModel.ResourcePart.GetStreamCore(FileMode mode, FileAccess access)
   at System.IO.Packaging.PackagePart.GetStream(FileMode mode, FileAccess access)
   at MS.Internal.IO.Packaging.PackagePartExtensions.GetSeekableStream(PackagePart packPart, FileMode mode, FileAccess access)
   at System.IO.Packaging.PackWebResponse.CachedResponse.GetResponseStream()
   at System.IO.Packaging.PackWebResponse.get_ContentType()
   at MS.Internal.WpfWebRequestHelper.GetContentType(WebResponse response)
   at MS.Internal.WpfWebRequestHelper.GetResponseStream(WebRequest request, ContentType& contentType)
   at System.Windows.ResourceDictionary.set_Source(Uri value)
   at MS.Internal.Xaml.Runtime.ClrObjectRuntime.SetValue(Object inst, XamlMember property, Object value)
   --- End of inner exception stack trace ---
   at System.Windows.Markup.XamlReader.RewrapException(Exception e, IXamlLineInfo lineInfo, Uri baseUri)
   at System.Windows.Markup.WpfXamlLoader.Load(XamlReader xamlReader, IXamlObjectWriterFactory writerFactory, Boolean skipJournaledProperties, Object rootObject, XamlObjectWriterSettings settings, Uri baseUri)
   at System.Windows.Markup.WpfXamlLoader.LoadBaml(XamlReader xamlReader, Boolean skipJournaledProperties, Object rootObject, XamlAccessLevel accessLevel, Uri baseUri)
   at System.Windows.Markup.XamlReader.LoadBaml(Stream stream, ParserContext parserContext, Object parent, Boolean closeStream)
   at System.Windows.Application.LoadComponent(Object component, Uri resourceLocator)
   at LotteryApp.App.InitializeComponent() in C:\Users\benja\OneDrive\Desktop\trabajo\LotteryApp\LotteryApp\App.xaml:line 1
   at LotteryApp.App.Main()
2025-08-23 18:26:16 System.Windows.Markup.XamlParseException: Se produjo una excepci贸n al establecer la propiedad 'System.Windows.ResourceDictionary.Source'.
 ---> System.IO.IOException: No se encuentra el recurso 'themes/materialdesigntheme.defaults.xaml'.
   at MS.Internal.AppModel.ResourcePart.GetStreamCore(FileMode mode, FileAccess access)
   at System.IO.Packaging.PackagePart.GetStream(FileMode mode, FileAccess access)
   at MS.Internal.IO.Packaging.PackagePartExtensions.GetSeekableStream(PackagePart packPart, FileMode mode, FileAccess access)
   at System.IO.Packaging.PackWebResponse.CachedResponse.GetResponseStream()
   at System.IO.Packaging.PackWebResponse.get_ContentType()
   at MS.Internal.WpfWebRequestHelper.GetContentType(WebResponse response)
   at MS.Internal.WpfWebRequestHelper.GetResponseStream(WebRequest request, ContentType& contentType)
   at System.Windows.ResourceDictionary.set_Source(Uri value)
   at MS.Internal.Xaml.Runtime.ClrObjectRuntime.SetValue(Object inst, XamlMember property, Object value)
   --- End of inner exception stack trace ---
   at System.Windows.Markup.XamlReader.RewrapException(Exception e, IXamlLineInfo lineInfo, Uri baseUri)
   at System.Windows.Markup.WpfXamlLoader.Load(XamlReader xamlReader, IXamlObjectWriterFactory writerFactory, Boolean skipJournaledProperties, Object rootObject, XamlObjectWriterSettings settings, Uri baseUri)
   at System.Windows.Markup.WpfXamlLoader.LoadBaml(XamlReader xamlReader, Boolean skipJournaledProperties, Object rootObject, XamlAccessLevel accessLevel, Uri baseUri)
   at System.Windows.Markup.XamlReader.LoadBaml(Stream stream, ParserContext parserContext, Object parent, Boolean closeStream)
   at System.Windows.Application.LoadComponent(Object component, Uri resourceLocator)
   at LotteryApp.App.InitializeComponent() in C:\Users\benja\OneDrive\Desktop\trabajo\LotteryApp\LotteryApp\App.xaml:line 1
   at LotteryApp.App.Main()
2025-08-23 18:31:45 System.Windows.Markup.XamlParseException: Se produjo una excepci贸n al establecer la propiedad 'System.Windows.ResourceDictionary.Source'.
 ---> System.IO.IOException: No se encuentra el recurso 'themes/bundledtheme.xaml'.
   at MS.Internal.AppModel.ResourcePart.GetStreamCore(FileMode mode, FileAccess access)
   at System.IO.Packaging.PackagePart.GetStream(FileMode mode, FileAccess access)
   at MS.Internal.IO.Packaging.PackagePartExtensions.GetSeekableStream(PackagePart packPart, FileMode mode, FileAccess access)
   at System.IO.Packaging.PackWebResponse.CachedResponse.GetResponseStream()
   at System.IO.Packaging.PackWebResponse.get_ContentType()
   at MS.Internal.WpfWebRequestHelper.GetContentType(WebResponse response)
   at MS.Internal.WpfWebRequestHelper.GetResponseStream(WebRequest request, ContentType& contentType)
   at System.Windows.ResourceDictionary.set_Source(Uri value)
   at MS.Internal.Xaml.Runtime.ClrObjectRuntime.SetValue(Object inst, XamlMember property, Object value)
   --- End of inner exception stack trace ---
   at System.Windows.Markup.XamlReader.RewrapException(Exception e, IXamlLineInfo lineInfo, Uri baseUri)
   at System.Windows.Markup.WpfXamlLoader.Load(XamlReader xamlReader, IXamlObjectWriterFactory writerFactory, Boolean skipJournaledProperties, Object rootObject, XamlObjectWriterSettings settings, Uri baseUri)
   at System.Windows.Markup.WpfXamlLoader.LoadBaml(XamlReader xamlReader, Boolean skipJournaledProperties, Object rootObject, XamlAccessLevel accessLevel, Uri baseUri)
   at System.Windows.Markup.XamlReader.LoadBaml(Stream stream, ParserContext parserContext, Object parent, Boolean closeStream)
   at System.Windows.Application.LoadComponent(Object component, Uri resourceLocator)
   at LotteryApp.App.InitializeComponent() in C:\Users\benja\OneDrive\Desktop\trabajo\LotteryApp\LotteryApp\App.xaml:line 1
   at LotteryApp.App.Main()
